<?xml version="1.0" encoding="UTF-8"?>
<!-- Generated by org.testng.reporters.JUnitReportReporter -->
<testsuite skipped="0" hostname="my" name="com.webdriver.manyi.TestHelloWorldTestNG" tests="1" failures="0" timestamp="16 七月 2017 06:13:55 GMT" time="20.029" errors="0">
  <testcase name="helloWorld" time="20.029" classname="com.webdriver.manyi.TestHelloWorldTestNG"/>
</testsuite> <!-- com.webdriver.manyi.TestHelloWorldTestNG -->
