<?xml version="1.0" encoding="UTF-8"?>
<!-- Generated by org.testng.reporters.JUnitReportReporter -->
<testsuite skipped="0" hostname="my" name="com.webdriver.manyi.TestZhiChuBao" tests="1" failures="0" timestamp="16 七月 2017 11:15:40 GMT" time="19.774" errors="0">
  <testcase name="helloWorld" time="19.774" classname="com.webdriver.manyi.TestZhiChuBao"/>
</testsuite> <!-- com.webdriver.manyi.TestZhiChuBao -->
