<?xml version="1.0" encoding="UTF-8"?>
<!-- Generated by org.testng.reporters.JUnitReportReporter -->
<testsuite skipped="0" hostname="KZ-201704101354" name="com.webdriver.manyi.TestZhiChuBao" tests="1" failures="0" timestamp="27 七月 2017 03:27:12 GMT" time="22.806" errors="0">
  <testcase name="helloWorld" time="22.806" classname="com.webdriver.manyi.TestZhiChuBao"/>
</testsuite> <!-- com.webdriver.manyi.TestZhiChuBao -->
