<?xml version="1.0" encoding="UTF-8"?>
<!-- Generated by org.testng.reporters.JUnitReportReporter -->
<testsuite skipped="0" hostname="KZ-201704101354" name="com.webdriver.test.TestLogin" tests="2" failures="0" timestamp="27 七月 2017 06:22:03 GMT" time="22.154" errors="0">
  <testcase name="TestPrintf" time="0.002" classname="com.webdriver.test.TestLogin"/>
  <testcase name="TestLogin" time="22.152" classname="com.webdriver.test.TestLogin"/>
</testsuite> <!-- com.webdriver.test.TestLogin -->
